
> backend@1.0.0 dev
> nodemon src/server.js

[33m[nodemon] 3.1.10[39m
[33m[nodemon] to restart at any time, enter `rs`[39m
[33m[nodemon] watching path(s): *.*[39m
[33m[nodemon] watching extensions: js,mjs,cjs,json[39m
[32m[nodemon] starting `node src/server.js`[39m
[dotenv@17.2.3] injecting env (4) from .env -- tip: ≡ƒ¢á∩╕Å  run anywhere with `dotenvx run -- yourcommand`
Γ£à Connected to database
≡ƒÜÇ Server running on port 5000
MongoDB connected...
[32m[nodemon] restarting due to changes...[39m
[32m[nodemon] restarting due to changes...[39m
[32m[nodemon] restarting due to changes...[39m
[32m[nodemon] starting `node src/server.js`[39m
[dotenv@17.2.3] injecting env (4) from .env -- tip: ≡ƒ¢á∩╕Å  run anywhere with `dotenvx run -- yourcommand`
Γ£à Connected to database
≡ƒÜÇ Server running on port 5000
MongoDB connected...
[32m[nodemon] restarting due to changes...[39m
[32m[nodemon] starting `node src/server.js`[39m
[dotenv@17.2.3] injecting env (4) from .env -- tip: ΓÜÖ∩╕Å  suppress all logs with { quiet: true }
Γ£à Connected to database
≡ƒÜÇ Server running on port 5000
MongoDB connected...
[32m[nodemon] restarting due to changes...[39m
[32m[nodemon] starting `node src/server.js`[39m
[dotenv@17.2.3] injecting env (4) from .env -- tip: ≡ƒöæ add access controls to secrets: https://dotenvx.com/ops
Γ£à Connected to database
≡ƒÜÇ Server running on port 5000
MongoDB connected...
[32m[nodemon] restarting due to changes...[39m
[32m[nodemon] starting `node src/server.js`[39m
[dotenv@17.2.3] injecting env (4) from .env -- tip: ΓÜÖ∩╕Å  suppress all logs with { quiet: true }
Γ£à Connected to database
≡ƒÜÇ Server running on port 5000
MongoDB connected...
[32m[nodemon] restarting due to changes...[39m
[32m[nodemon] restarting due to changes...[39m
[32m[nodemon] starting `node src/server.js`[39m
[dotenv@17.2.3] injecting env (4) from .env -- tip: ≡ƒöÉ prevent building .env in docker: https://dotenvx.com/prebuild
Γ£à Connected to database
≡ƒÜÇ Server running on port 5000
MongoDB connected...
[32m[nodemon] restarting due to changes...[39m
[32m[nodemon] starting `node src/server.js`[39m
[dotenv@17.2.3] injecting env (4) from .env -- tip: ΓÜÖ∩╕Å  specify custom .env file path with { path: '/custom/path/.env' }
Γ£à Connected to database
≡ƒÜÇ Server running on port 5000
MongoDB connected...
[32m[nodemon] restarting due to changes...[39m
[32m[nodemon] starting `node src/server.js`[39m
[dotenv@17.2.3] injecting env (4) from .env -- tip: ≡ƒôí add observability to secrets: https://dotenvx.com/ops
Γ£à Connected to database
≡ƒÜÇ Server running on port 5000
MongoDB connected...
[32m[nodemon] restarting due to changes...[39m
[32m[nodemon] starting `node src/server.js`[39m
[dotenv@17.2.3] injecting env (4) from .env -- tip: ≡ƒôí add observability to secrets: https://dotenvx.com/ops
Γ£à Connected to database
≡ƒÜÇ Server running on port 5000
MongoDB connected...
[32m[nodemon] restarting due to changes...[39m
[32m[nodemon] starting `node src/server.js`[39m
[dotenv@17.2.3] injecting env (4) from .env -- tip: ≡ƒæÑ sync secrets across teammates & machines: https://dotenvx.com/ops
[32m[nodemon] restarting due to changes...[39m
Γ£à Connected to database
≡ƒÜÇ Server running on port 5000
[32m[nodemon] starting `node src/server.js`[39m
[dotenv@17.2.3] injecting env (4) from .env -- tip: ΓÜÖ∩╕Å  write to custom object with { processEnv: myObject }
[32m[nodemon] restarting due to changes...[39m
[32m[nodemon] starting `node src/server.js`[39m
[dotenv@17.2.3] injecting env (4) from .env -- tip: ΓÜÖ∩╕Å  enable debug logging with { debug: true }
Γ£à Connected to database
≡ƒÜÇ Server running on port 5000
MongoDB connected...
[32m[nodemon] restarting child process[39m
[32m[nodemon] starting `node src/server.js`[39m
[dotenv@17.2.3] injecting env (4) from .env -- tip: ≡ƒùé∩╕Å backup and recover secrets: https://dotenvx.com/ops
